<?xml version="1.0" encoding="UTF-8"?>
<!-- Generated by org.testng.reporters.JUnitReportReporter -->
<testsuite hostname="DESKTOP-4MFJCQ2" failures="0" tests="1" name="ABC_Demo1.TC01_Login" time="37.525" errors="0" timestamp="2021-09-30T16:23:38 IST" skipped="0">
  <testcase classname="ABC_Demo1.TC01_Login" name="LoginTest" time="37.525"/>
  <system-out/>
</testsuite> <!-- ABC_Demo1.TC01_Login -->
