<?xml version="1.0" encoding="UTF-8"?>
<!-- Generated by org.testng.reporters.JUnitReportReporter -->
<testsuite hostname="DESKTOP-4MFJCQ2" failures="0" tests="1" name="ABC_Demo4.TC01_Login" time="18.183" errors="0" timestamp="2021-09-20T11:19:05 IST" skipped="0">
  <testcase classname="ABC_Demo4.TC01_Login" name="Login_Test" time="18.183"/>
  <system-out/>
</testsuite> <!-- ABC_Demo4.TC01_Login -->
