<?xml version="1.0" encoding="UTF-8"?>
<!-- Generated by org.testng.reporters.JUnitReportReporter -->
<testsuite hostname="DESKTOP-4MFJCQ2" failures="0" tests="1" name="Day_002_Java.TC02_Login_Static" time="16.885" errors="0" timestamp="2021-09-13T22:23:15 GMT-07:00" skipped="0">
  <testcase classname="Day_002_Java.TC02_Login_Static" name="Login_Test" time="16.885"/>
  <system-out/>
</testsuite> <!-- Day_002_Java.TC02_Login_Static -->
