<?xml version="1.0" encoding="UTF-8"?>
<!-- Generated by org.testng.reporters.JUnitReportReporter -->
<testsuite hostname="DESKTOP-4MFJCQ2" failures="0" tests="1" name="ABC_Demo1.TC03_Login_Static_Paarameters2" time="0.000" errors="0" timestamp="2021-09-13T23:35:28 GMT-07:00" skipped="1">
  <testcase classname="ABC_Demo1.TC03_Login_Static_Paarameters2" name="Login_Test" time="0.000">
    <skipped/>
  </testcase> <!-- Login_Test -->
  <system-out/>
</testsuite> <!-- ABC_Demo1.TC03_Login_Static_Paarameters2 -->
