<?xml version="1.0" encoding="UTF-8"?>
<!-- Generated by org.testng.reporters.JUnitReportReporter -->
<testsuite hostname="DESKTOP-4MFJCQ2" failures="0" tests="1" name="Day_003_Locators.TC04_linkText" time="29.031" errors="0" timestamp="2021-10-03T12:47:42 IST" skipped="0">
  <testcase classname="Day_003_Locators.TC04_linkText" name="testTC02" time="29.031"/>
  <system-out/>
</testsuite> <!-- Day_003_Locators.TC04_linkText -->
