<?xml version="1.0" encoding="UTF-8"?>
<!-- Generated by org.testng.reporters.JUnitReportReporter -->
<testsuite hostname="DESKTOP-4MFJCQ2" failures="0" tests="1" name="ABC_Demo2.TC01_Login" time="46.941" errors="0" timestamp="2021-09-30T15:46:54 IST" skipped="0">
  <testcase classname="ABC_Demo2.TC01_Login" name="Login_Test" time="46.941"/>
  <system-out/>
</testsuite> <!-- ABC_Demo2.TC01_Login -->
