<?xml version="1.0" encoding="UTF-8"?>
<!-- Generated by org.testng.reporters.JUnitReportReporter -->
<testsuite hostname="DESKTOP-4MFJCQ2" failures="0" tests="1" name="Day_002_Java.TC01_Login" time="15.744" errors="0" timestamp="2021-09-13T22:22:25 GMT-07:00" skipped="0">
  <testcase classname="Day_002_Java.TC01_Login" name="Login_Test" time="15.744"/>
  <system-out/>
</testsuite> <!-- Day_002_Java.TC01_Login -->
